<?xml version="1.0" encoding="UTF-8"?>
<!-- Generated by org.testng.reporters.JUnitReportReporter -->
<testsuite hostname="DESKTOP-N4K2T9T" failures="0" tests="1" name="functional.dashboard.scripts.Dashboard001_SearchTruck" time="166.503" errors="0" timestamp="2024-02-14T23:33:02 IST" skipped="0">
  <testcase classname="functional.dashboard.scripts.Dashboard001_SearchTruck" name="searchTruck" time="166.503"/>
  <system-out/>
</testsuite> <!-- functional.dashboard.scripts.Dashboard001_SearchTruck -->
