<?xml version="1.0" encoding="UTF-8"?>
<!-- Generated by org.testng.reporters.JUnitReportReporter -->
<testsuite hostname="DESKTOP-N4K2T9T" failures="0" tests="1" name="functional.dashboard.scripts.Dashboard001_SearchTruck" time="28.802" errors="0" timestamp="2024-02-07T02:24:27 IST" skipped="0">
  <testcase classname="functional.dashboard.scripts.Dashboard001_SearchTruck" name="searchTruck" time="28.802"/>
  <system-out/>
</testsuite> <!-- functional.dashboard.scripts.Dashboard001_SearchTruck -->
